<?xml version="1.0" encoding="UTF-8"?>
<!-- Generated by org.testng.reporters.JUnitReportReporter -->
<testsuite skipped="0" hostname="DESKTOP-RUAD0RO" name="com.hrms.testCases.LoginTestCases" tests="1" failures="0" timestamp="18 Feb 2022 12:00:02 GMT" time="22.508" errors="0">
  <testcase name="validCerdentails" time="22.508" classname="com.hrms.testCases.LoginTestCases"/>
</testsuite> <!-- com.hrms.testCases.LoginTestCases -->
