<?xml version="1.0" encoding="UTF-8"?>
<!-- Generated by org.testng.reporters.JUnitReportReporter -->
<testsuite skipped="0" hostname="DESKTOP-RUAD0RO" name="com.hrms.testCases.LoginTestCases" tests="1" failures="0" timestamp="15 Feb 2022 13:27:11 GMT" time="14.880" errors="0">
  <testcase name="validCerdentails" time="14.880" classname="com.hrms.testCases.LoginTestCases"/>
</testsuite> <!-- com.hrms.testCases.LoginTestCases -->
